<?xml version="1.0" encoding="UTF-8"?>
<!-- Generated by org.testng.reporters.JUnitXMLReporter -->
<testsuite ignored="0" hostname="DESKTOP-5USKB80" failures="0" tests="1" name="Test1" time="0.12" errors="0" timestamp="2022-06-18T13:16:01 IST">
  <testcase classname="sample1.Eletronics" name="@BeforeTest setUPTest" time="-1.655538361509E9">
    <failure type="org.testng.TestNGException" message="
Parameter &amp;apos;browser&amp;apos; is required by BeforeTest on method setUPTest but has not been marked @Optional or defined
in C:\sample\sample1\testng.xml">
      <![CDATA[org.testng.TestNGException: 
Parameter 'browser' is required by BeforeTest on method setUPTest but has not been marked @Optional or defined
in C:\sample\sample1\testng.xml
... Removed 21 stack frames]]>
    </failure>
  </testcase> <!-- @BeforeTest setUPTest -->
  <testcase classname="sample1.Eletronics" name="@AfterTest tearDownTest" time="-1.655538361616E9">
    <skipped/>
  </testcase> <!-- @AfterTest tearDownTest -->
  <testcase classname="sample1.Eletronics" name="Test2" time="0.0">
    <skipped/>
  </testcase> <!-- Test2 -->
</testsuite> <!-- Test1 -->
